<?xml version="1.0" encoding="UTF-8"?>
<!-- Generated by org.testng.reporters.JUnitXMLReporter -->
<testsuite ignored="4" hostname="AMX-AL-20-017-W" failures="1" tests="40" name="Regression_Testscripts" time="4071.451" errors="0" timestamp="2022-08-30T23:27:35 IST">
  <testcase classname="icivics_testcases.I50_PH_ArgumentsWar_Test" name="C81_Verifylink" time="15.961"/>
  <testcase classname="icivics_testcases.I50_PH_ArgumentsWar_Test" name="C82_Verifypopup" time="29.944"/>
  <testcase classname="icivics_testcases.I50_PH_ArgumentsWar_Test" name="C84_Verifyeducatorbutton" time="90.946"/>
  <testcase classname="icivics_testcases.I50_PH_ArgumentsWar_Test" name="C85_Verifyeducatorbuttonforstudent" time="51.342"/>
  <testcase classname="icivics_testcases.I50_PH_ArgumentsWar_Test" name="C85_Verifyeducatorbuttonforanonymoususer" time="9.963"/>
  <testcase classname="icivics_testcases.I50_PH_ArgumentsWar_Test" name="C86_Verifyteacherresourcespopup" time="48.489"/>
  <testcase classname="icivics_testcases.I50_PH_ArgumentsWar_Test" name="C87_Verifyassignpopup" time="72.175"/>
  <testcase classname="icivics_testcases.I50_PH_ArgumentsWar_Test" name="C88_Verifyassignform" time="37.691">
    <skipped/>
  </testcase> <!-- C88_Verifyassignform -->
  <testcase classname="icivics_testcases.I50_PH_ArgumentsWar_Test" name="C88_Verifyassignform" time="36.43">
    <skipped/>
  </testcase> <!-- C88_Verifyassignform -->
  <testcase classname="icivics_testcases.I50_PH_ArgumentsWar_Test" name="C88_Verifyassignform" time="79.654"/>
  <testcase classname="icivics_testcases.I50_PH_ArgumentsWar_Test" name="C89_Verifyappleapp" time="314.516"/>
  <testcase classname="icivics_testcases.I50_PH_ArgumentsWar_Test" name="C90_Verifyappleapppage" time="544.257"/>
  <testcase classname="icivics_testcases.I50_PH_ArgumentsWar_Test" name="C91_Verifygoogleplaybutton" time="341.387"/>
  <testcase classname="icivics_testcases.I50_PH_ArgumentsWar_Test" name="C92_Verifygoogleplaypage" time="560.806"/>
  <testcase classname="icivics_testcases.I50_PH_ArgumentsWar_Test" name="C93_Verifyextensionpack" time="39.977"/>
  <testcase classname="icivics_testcases.I50_PH_ArgumentsWar_Test" name="C93_Verifyextensionpackforsortifygame" time="49.758"/>
  <testcase classname="icivics_testcases.I50_PH_ArgumentsWar_Test" name="C94_Verifyextensionpackforanonymoususere" time="9.175"/>
  <testcase classname="icivics_testcases.I50_PH_ArgumentsWar_Test" name="C94_Verifyextensionpackforstudent" time="40.239"/>
  <testcase classname="icivics_testcases.I50_PH_ArgumentsWar_Test" name="C95_Verifyextensionpackclick" time="64.132"/>
  <testcase classname="icivics_testcases.I50_PH_ArgumentsWar_Test" name="C96_Verifylearningobjectives" time="46.043"/>
  <testcase classname="icivics_testcases.I50_PH_ArgumentsWar_Test" name="C97_Verifylearningobjectivesforanonymoususer" time="6.604"/>
  <testcase classname="icivics_testcases.I50_PH_ArgumentsWar_Test" name="C97_Verifylearningobjectivesforstudent" time="34.417"/>
  <testcase classname="icivics_testcases.I52_PH_MainsGamePage_Test" name="C73_Verifymainsgamepage" time="22.933">
    <skipped/>
  </testcase> <!-- C73_Verifymainsgamepage -->
  <testcase classname="icivics_testcases.I52_PH_MainsGamePage_Test" name="C73_Verifymainsgamepage" time="22.83">
    <skipped/>
  </testcase> <!-- C73_Verifymainsgamepage -->
  <testcase classname="icivics_testcases.I52_PH_MainsGamePage_Test" name="C73_Verifymainsgamepage" time="22.574">
    <skipped/>
  </testcase> <!-- C73_Verifymainsgamepage -->
  <testcase classname="icivics_testcases.I52_PH_MainsGamePage_Test" name="C73_Verifymainsgamepage" time="26.722">
    <failure type="java.lang.IndexOutOfBoundsException" message="Index 5 out of bounds for length 5">
      <![CDATA[java.lang.IndexOutOfBoundsException: Index 5 out of bounds for length 5
at java.base/jdk.internal.util.Preconditions.outOfBounds(Preconditions.java:64)
at java.base/jdk.internal.util.Preconditions.outOfBoundsCheckIndex(Preconditions.java:70)
at java.base/jdk.internal.util.Preconditions.checkIndex(Preconditions.java:266)
at java.base/java.util.Objects.checkIndex(Objects.java:359)
at java.base/java.util.ArrayList.get(ArrayList.java:427)
at icivics_pages.PH_MainsGamePage.Verifygamecarousel(PH_MainsGamePage.java:61)
at icivics_testcases.I52_PH_MainsGamePage_Test.C73_Verifymainsgamepage(I52_PH_MainsGamePage_Test.java:27)
at java.base/java.util.ArrayList.forEach(ArrayList.java:1511)
... Removed 27 stack frames]]>
    </failure>
  </testcase> <!-- C73_Verifymainsgamepage -->
  <testcase classname="icivics_testcases.I52_PH_MainsGamePage_Test" name="C73_Verifyleftcarousel" time="9.566"/>
  <testcase classname="icivics_testcases.I52_PH_MainsGamePage_Test" name="C73_Verifyrightcarousel" time="12.22"/>
  <testcase classname="icivics_testcases.I52_PH_MainsGamePage_Test" name="C73_Verifycarouseldots" time="53.217"/>
  <testcase classname="icivics_testcases.I52_PH_MainsGamePage_Test" name="C73_Verifycarouseldots3rdpage" time="8.558"/>
  <testcase classname="icivics_testcases.I52_PH_MainsGamePage_Test" name="C73_Verifybannerasananonymoususer" time="9.145"/>
  <testcase classname="icivics_testcases.I52_PH_MainsGamePage_Test" name="C73_Verifybannerasastudentlogin" time="35.982"/>
  <testcase classname="icivics_testcases.I52_PH_MainsGamePage_Test" name="C73_Verifybannerasateacherlogin" time="32.936"/>
  <testcase classname="icivics_testcases.I52_PH_MainsGamePage_Test" name="C73_Verifyregisterbuttonclick" time="16.128"/>
  <testcase classname="icivics_testcases.I52_PH_MainsGamePage_Test" name="C73_VerifygamesTiles" time="59.109"/>
  <testcase classname="icivics_testcases.I52_PH_MainsGamePage_Test" name="C73_VerifygamesTilesclick" time="168.29"/>
  <testcase classname="icivics_testcases.I52_PH_MainsGamePage_Test" name="C73_Verifygreenteachertile" time="12.732"/>
  <testcase classname="icivics_testcases.I52_PH_MainsGamePage_Test" name="C73_Verifyteachbutton" time="9.385"/>
  <testcase classname="icivics_testcases.I52_PH_MainsGamePage_Test" name="C73_Verifygetstartedbutton" time="12.626"/>
  <testcase classname="icivics_testcases.I51_PH_Gameload_Test" name="C83_Verifymainsgamepage" time="958.133"/>
  <testcase classname="utilities.Reporter" name="@AfterSuite stopReport" time="0.0">
    <ignored/>
  </testcase> <!-- @AfterSuite stopReport -->
  <testcase classname="utilities.Reporter" name="@AfterSuite stopReport" time="0.0">
    <ignored/>
  </testcase> <!-- @AfterSuite stopReport -->
  <testcase classname="utilities.Reporter" name="@BeforeSuite startReport" time="0.0">
    <ignored/>
  </testcase> <!-- @BeforeSuite startReport -->
  <testcase classname="utilities.Reporter" name="@BeforeSuite startReport" time="0.0">
    <ignored/>
  </testcase> <!-- @BeforeSuite startReport -->
</testsuite> <!-- Regression_Testscripts -->
