<html>
<head>
<title>TestNG:  Regression_Testscripts</title>
<link href="../testng.css" rel="stylesheet" type="text/css" />
<link href="../my-testng.css" rel="stylesheet" type="text/css" />

<style type="text/css">
.log { display: none;} 
.stack-trace { display: none;} 
</style>
<script type="text/javascript">
<!--
function flip(e) {
  current = e.style.display;
  if (current == 'block') {
    e.style.display = 'none';
    return 0;
  }
  else {
    e.style.display = 'block';
    return 1;
  }
}

function toggleBox(szDivId, elem, msg1, msg2)
{
  var res = -1;  if (document.getElementById) {
    res = flip(document.getElementById(szDivId));
  }
  else if (document.all) {
    // this is the way old msie versions work
    res = flip(document.all[szDivId]);
  }
  if(elem) {
    if(res == 0) elem.innerHTML = msg1; else elem.innerHTML = msg2;
  }

}

function toggleAllBoxes() {
  if (document.getElementsByTagName) {
    d = document.getElementsByTagName('div');
    for (i = 0; i < d.length; i++) {
      if (d[i].className == 'log') {
        flip(d[i]);
      }
    }
  }
}

// -->
</script>

</head>
<body>
<h2 align='center'>Regression_Testscripts</h2><table border='1' align="center">
<tr>
<td>Tests passed/Failed/Skipped:</td><td>34/1/5</td>
</tr><tr>
<td>Started on:</td><td>Tue Aug 30 22:19:43 IST 2022</td>
</tr>
<tr><td>Total time:</td><td>4071 seconds (4071451 ms)</td>
</tr><tr>
<td>Included groups:</td><td></td>
</tr><tr>
<td>Excluded groups:</td><td></td>
</tr>
</table><p/>
<small><i>(Hover the method name to see the test class name)</i></small><p/>
<table width='100%' border='1' class='invocation-failed'>
<tr><td colspan='4' align='center'><b>FAILED TESTS</b></td></tr>
<tr><td><b>Test method</b></td>
<td width="30%"><b>Exception</b></td>
<td width="10%"><b>Time (seconds)</b></td>
<td><b>Instance</b></td>
</tr>
<tr>
<td title='icivics_testcases.I52_PH_MainsGamePage_Test.C73_Verifymainsgamepage()'><b>C73_Verifymainsgamepage</b><br>Test class: icivics_testcases.I52_PH_MainsGamePage_Test</td>
<td><div><pre>java.lang.IndexOutOfBoundsException: Index 5 out of bounds for length 5
	at java.base/jdk.internal.util.Preconditions.outOfBounds(Preconditions.java:64)
	at java.base/jdk.internal.util.Preconditions.outOfBoundsCheckIndex(Preconditions.java:70)
	at java.base/jdk.internal.util.Preconditions.checkIndex(Preconditions.java:266)
	at java.base/java.util.Objects.checkIndex(Objects.java:359)
	at java.base/java.util.ArrayList.get(ArrayList.java:427)
	at icivics_pages.PH_MainsGamePage.Verifygamecarousel(PH_MainsGamePage.java:61)
	at icivics_testcases.I52_PH_MainsGamePage_Test.C73_Verifymainsgamepage(I52_PH_MainsGamePage_Test.java:27)
	at java.base/java.util.ArrayList.forEach(ArrayList.java:1511)
... Removed 27 stack frames</pre></div><a href='#' onClick='toggleBox("stack-trace1925023490", this, "Click to show all stack frames", "Click to hide stack frames")'>Click to show all stack frames</a>
<div class='stack-trace' id='stack-trace1925023490'><pre>java.lang.IndexOutOfBoundsException: Index 5 out of bounds for length 5
	at java.base/jdk.internal.util.Preconditions.outOfBounds(Preconditions.java:64)
	at java.base/jdk.internal.util.Preconditions.outOfBoundsCheckIndex(Preconditions.java:70)
	at java.base/jdk.internal.util.Preconditions.checkIndex(Preconditions.java:266)
	at java.base/java.util.Objects.checkIndex(Objects.java:359)
	at java.base/java.util.ArrayList.get(ArrayList.java:427)
	at icivics_pages.PH_MainsGamePage.Verifygamecarousel(PH_MainsGamePage.java:61)
	at icivics_testcases.I52_PH_MainsGamePage_Test.C73_Verifymainsgamepage(I52_PH_MainsGamePage_Test.java:27)
	at java.base/jdk.internal.reflect.NativeMethodAccessorImpl.invoke0(Native Method)
	at java.base/jdk.internal.reflect.NativeMethodAccessorImpl.invoke(NativeMethodAccessorImpl.java:77)
	at java.base/jdk.internal.reflect.DelegatingMethodAccessorImpl.invoke(DelegatingMethodAccessorImpl.java:43)
	at java.base/java.lang.reflect.Method.invoke(Method.java:568)
	at org.testng.internal.MethodInvocationHelper.invokeMethod(MethodInvocationHelper.java:133)
	at org.testng.internal.TestInvoker.invokeMethod(TestInvoker.java:598)
	at org.testng.internal.TestInvoker.retryFailed(TestInvoker.java:213)
	at org.testng.internal.MethodRunner.runInSequence(MethodRunner.java:58)
	at org.testng.internal.TestInvoker$MethodInvocationAgent.invoke(TestInvoker.java:824)
	at org.testng.internal.TestInvoker.invokeTestMethods(TestInvoker.java:146)
	at org.testng.internal.TestMethodWorker.invokeTestMethods(TestMethodWorker.java:146)
	at org.testng.internal.TestMethodWorker.run(TestMethodWorker.java:128)
	at java.base/java.util.ArrayList.forEach(ArrayList.java:1511)
	at org.testng.TestRunner.privateRun(TestRunner.java:794)
	at org.testng.TestRunner.run(TestRunner.java:596)
	at org.testng.SuiteRunner.runTest(SuiteRunner.java:377)
	at org.testng.SuiteRunner.runSequentially(SuiteRunner.java:371)
	at org.testng.SuiteRunner.privateRun(SuiteRunner.java:332)
	at org.testng.SuiteRunner.run(SuiteRunner.java:276)
	at org.testng.SuiteRunnerWorker.runSuite(SuiteRunnerWorker.java:53)
	at org.testng.SuiteRunnerWorker.run(SuiteRunnerWorker.java:96)
	at org.testng.TestNG.runSuitesSequentially(TestNG.java:1212)
	at org.testng.TestNG.runSuitesLocally(TestNG.java:1134)
	at org.testng.TestNG.runSuites(TestNG.java:1063)
	at org.testng.TestNG.run(TestNG.java:1031)
	at org.testng.remote.AbstractRemoteTestNG.run(AbstractRemoteTestNG.java:115)
	at org.testng.remote.RemoteTestNG.initAndRun(RemoteTestNG.java:251)
	at org.testng.remote.RemoteTestNG.main(RemoteTestNG.java:77)
</pre></div></td>
<td>26</td>
<td>icivics_testcases.I52_PH_MainsGamePage_Test@15a34df2</td></tr>
</table><p>
<table width='100%' border='1' class='invocation-passed'>
<tr><td colspan='4' align='center'><b>PASSED TESTS</b></td></tr>
<tr><td><b>Test method</b></td>
<td width="30%"><b>Exception</b></td>
<td width="10%"><b>Time (seconds)</b></td>
<td><b>Instance</b></td>
</tr>
<tr>
<td title='icivics_testcases.I50_PH_ArgumentsWar_Test.C85_Verifyeducatorbuttonforanonymoususer()'><b>C85_Verifyeducatorbuttonforanonymoususer</b><br>Test class: icivics_testcases.I50_PH_ArgumentsWar_Test</td>
<td></td>
<td>9</td>
<td>icivics_testcases.I50_PH_ArgumentsWar_Test@2a8448fa</td></tr>
<tr>
<td title='icivics_testcases.I51_PH_Gameload_Test.C83_Verifymainsgamepage()'><b>C83_Verifymainsgamepage</b><br>Test class: icivics_testcases.I51_PH_Gameload_Test</td>
<td></td>
<td>958</td>
<td>icivics_testcases.I51_PH_Gameload_Test@338fc1d8</td></tr>
<tr>
<td title='icivics_testcases.I50_PH_ArgumentsWar_Test.C90_Verifyappleapppage()'><b>C90_Verifyappleapppage</b><br>Test class: icivics_testcases.I50_PH_ArgumentsWar_Test</td>
<td></td>
<td>544</td>
<td>icivics_testcases.I50_PH_ArgumentsWar_Test@2a8448fa</td></tr>
<tr>
<td title='icivics_testcases.I52_PH_MainsGamePage_Test.C73_Verifybannerasananonymoususer()'><b>C73_Verifybannerasananonymoususer</b><br>Test class: icivics_testcases.I52_PH_MainsGamePage_Test</td>
<td></td>
<td>9</td>
<td>icivics_testcases.I52_PH_MainsGamePage_Test@15a34df2</td></tr>
<tr>
<td title='icivics_testcases.I50_PH_ArgumentsWar_Test.C97_Verifylearningobjectivesforanonymoususer()'><b>C97_Verifylearningobjectivesforanonymoususer</b><br>Test class: icivics_testcases.I50_PH_ArgumentsWar_Test</td>
<td></td>
<td>6</td>
<td>icivics_testcases.I50_PH_ArgumentsWar_Test@2a8448fa</td></tr>
<tr>
<td title='icivics_testcases.I52_PH_MainsGamePage_Test.C73_Verifygreenteachertile()'><b>C73_Verifygreenteachertile</b><br>Test class: icivics_testcases.I52_PH_MainsGamePage_Test</td>
<td></td>
<td>12</td>
<td>icivics_testcases.I52_PH_MainsGamePage_Test@15a34df2</td></tr>
<tr>
<td title='icivics_testcases.I52_PH_MainsGamePage_Test.C73_VerifygamesTiles()'><b>C73_VerifygamesTiles</b><br>Test class: icivics_testcases.I52_PH_MainsGamePage_Test</td>
<td></td>
<td>59</td>
<td>icivics_testcases.I52_PH_MainsGamePage_Test@15a34df2</td></tr>
<tr>
<td title='icivics_testcases.I50_PH_ArgumentsWar_Test.C84_Verifyeducatorbutton()'><b>C84_Verifyeducatorbutton</b><br>Test class: icivics_testcases.I50_PH_ArgumentsWar_Test</td>
<td></td>
<td>90</td>
<td>icivics_testcases.I50_PH_ArgumentsWar_Test@2a8448fa</td></tr>
<tr>
<td title='icivics_testcases.I52_PH_MainsGamePage_Test.C73_Verifybannerasastudentlogin()'><b>C73_Verifybannerasastudentlogin</b><br>Test class: icivics_testcases.I52_PH_MainsGamePage_Test</td>
<td></td>
<td>35</td>
<td>icivics_testcases.I52_PH_MainsGamePage_Test@15a34df2</td></tr>
<tr>
<td title='icivics_testcases.I52_PH_MainsGamePage_Test.C73_Verifyregisterbuttonclick()'><b>C73_Verifyregisterbuttonclick</b><br>Test class: icivics_testcases.I52_PH_MainsGamePage_Test</td>
<td></td>
<td>16</td>
<td>icivics_testcases.I52_PH_MainsGamePage_Test@15a34df2</td></tr>
<tr>
<td title='icivics_testcases.I50_PH_ArgumentsWar_Test.C95_Verifyextensionpackclick()'><b>C95_Verifyextensionpackclick</b><br>Test class: icivics_testcases.I50_PH_ArgumentsWar_Test</td>
<td></td>
<td>64</td>
<td>icivics_testcases.I50_PH_ArgumentsWar_Test@2a8448fa</td></tr>
<tr>
<td title='icivics_testcases.I50_PH_ArgumentsWar_Test.C87_Verifyassignpopup()'><b>C87_Verifyassignpopup</b><br>Test class: icivics_testcases.I50_PH_ArgumentsWar_Test</td>
<td></td>
<td>72</td>
<td>icivics_testcases.I50_PH_ArgumentsWar_Test@2a8448fa</td></tr>
<tr>
<td title='icivics_testcases.I52_PH_MainsGamePage_Test.C73_Verifyteachbutton()'><b>C73_Verifyteachbutton</b><br>Test class: icivics_testcases.I52_PH_MainsGamePage_Test</td>
<td></td>
<td>9</td>
<td>icivics_testcases.I52_PH_MainsGamePage_Test@15a34df2</td></tr>
<tr>
<td title='icivics_testcases.I50_PH_ArgumentsWar_Test.C92_Verifygoogleplaypage()'><b>C92_Verifygoogleplaypage</b><br>Test class: icivics_testcases.I50_PH_ArgumentsWar_Test</td>
<td></td>
<td>560</td>
<td>icivics_testcases.I50_PH_ArgumentsWar_Test@2a8448fa</td></tr>
<tr>
<td title='icivics_testcases.I50_PH_ArgumentsWar_Test.C93_Verifyextensionpackforsortifygame()'><b>C93_Verifyextensionpackforsortifygame</b><br>Test class: icivics_testcases.I50_PH_ArgumentsWar_Test</td>
<td></td>
<td>49</td>
<td>icivics_testcases.I50_PH_ArgumentsWar_Test@2a8448fa</td></tr>
<tr>
<td title='icivics_testcases.I50_PH_ArgumentsWar_Test.C82_Verifypopup()'><b>C82_Verifypopup</b><br>Test class: icivics_testcases.I50_PH_ArgumentsWar_Test</td>
<td></td>
<td>29</td>
<td>icivics_testcases.I50_PH_ArgumentsWar_Test@2a8448fa</td></tr>
<tr>
<td title='icivics_testcases.I50_PH_ArgumentsWar_Test.C89_Verifyappleapp()'><b>C89_Verifyappleapp</b><br>Test class: icivics_testcases.I50_PH_ArgumentsWar_Test</td>
<td></td>
<td>314</td>
<td>icivics_testcases.I50_PH_ArgumentsWar_Test@2a8448fa</td></tr>
<tr>
<td title='icivics_testcases.I50_PH_ArgumentsWar_Test.C97_Verifylearningobjectivesforstudent()'><b>C97_Verifylearningobjectivesforstudent</b><br>Test class: icivics_testcases.I50_PH_ArgumentsWar_Test</td>
<td></td>
<td>34</td>
<td>icivics_testcases.I50_PH_ArgumentsWar_Test@2a8448fa</td></tr>
<tr>
<td title='icivics_testcases.I50_PH_ArgumentsWar_Test.C91_Verifygoogleplaybutton()'><b>C91_Verifygoogleplaybutton</b><br>Test class: icivics_testcases.I50_PH_ArgumentsWar_Test</td>
<td></td>
<td>341</td>
<td>icivics_testcases.I50_PH_ArgumentsWar_Test@2a8448fa</td></tr>
<tr>
<td title='icivics_testcases.I50_PH_ArgumentsWar_Test.C88_Verifyassignform()'><b>C88_Verifyassignform</b><br>Test class: icivics_testcases.I50_PH_ArgumentsWar_Test</td>
<td></td>
<td>79</td>
<td>icivics_testcases.I50_PH_ArgumentsWar_Test@2a8448fa</td></tr>
<tr>
<td title='icivics_testcases.I50_PH_ArgumentsWar_Test.C85_Verifyeducatorbuttonforstudent()'><b>C85_Verifyeducatorbuttonforstudent</b><br>Test class: icivics_testcases.I50_PH_ArgumentsWar_Test</td>
<td></td>
<td>51</td>
<td>icivics_testcases.I50_PH_ArgumentsWar_Test@2a8448fa</td></tr>
<tr>
<td title='icivics_testcases.I50_PH_ArgumentsWar_Test.C81_Verifylink()'><b>C81_Verifylink</b><br>Test class: icivics_testcases.I50_PH_ArgumentsWar_Test</td>
<td></td>
<td>15</td>
<td>icivics_testcases.I50_PH_ArgumentsWar_Test@2a8448fa</td></tr>
<tr>
<td title='icivics_testcases.I50_PH_ArgumentsWar_Test.C96_Verifylearningobjectives()'><b>C96_Verifylearningobjectives</b><br>Test class: icivics_testcases.I50_PH_ArgumentsWar_Test</td>
<td></td>
<td>46</td>
<td>icivics_testcases.I50_PH_ArgumentsWar_Test@2a8448fa</td></tr>
<tr>
<td title='icivics_testcases.I52_PH_MainsGamePage_Test.C73_Verifygetstartedbutton()'><b>C73_Verifygetstartedbutton</b><br>Test class: icivics_testcases.I52_PH_MainsGamePage_Test</td>
<td></td>
<td>12</td>
<td>icivics_testcases.I52_PH_MainsGamePage_Test@15a34df2</td></tr>
<tr>
<td title='icivics_testcases.I52_PH_MainsGamePage_Test.C73_VerifygamesTilesclick()'><b>C73_VerifygamesTilesclick</b><br>Test class: icivics_testcases.I52_PH_MainsGamePage_Test</td>
<td></td>
<td>168</td>
<td>icivics_testcases.I52_PH_MainsGamePage_Test@15a34df2</td></tr>
<tr>
<td title='icivics_testcases.I50_PH_ArgumentsWar_Test.C94_Verifyextensionpackforanonymoususere()'><b>C94_Verifyextensionpackforanonymoususere</b><br>Test class: icivics_testcases.I50_PH_ArgumentsWar_Test</td>
<td></td>
<td>9</td>
<td>icivics_testcases.I50_PH_ArgumentsWar_Test@2a8448fa</td></tr>
<tr>
<td title='icivics_testcases.I50_PH_ArgumentsWar_Test.C94_Verifyextensionpackforstudent()'><b>C94_Verifyextensionpackforstudent</b><br>Test class: icivics_testcases.I50_PH_ArgumentsWar_Test</td>
<td></td>
<td>40</td>
<td>icivics_testcases.I50_PH_ArgumentsWar_Test@2a8448fa</td></tr>
<tr>
<td title='icivics_testcases.I52_PH_MainsGamePage_Test.C73_Verifycarouseldots()'><b>C73_Verifycarouseldots</b><br>Test class: icivics_testcases.I52_PH_MainsGamePage_Test</td>
<td></td>
<td>53</td>
<td>icivics_testcases.I52_PH_MainsGamePage_Test@15a34df2</td></tr>
<tr>
<td title='icivics_testcases.I52_PH_MainsGamePage_Test.C73_Verifyleftcarousel()'><b>C73_Verifyleftcarousel</b><br>Test class: icivics_testcases.I52_PH_MainsGamePage_Test</td>
<td></td>
<td>9</td>
<td>icivics_testcases.I52_PH_MainsGamePage_Test@15a34df2</td></tr>
<tr>
<td title='icivics_testcases.I52_PH_MainsGamePage_Test.C73_Verifybannerasateacherlogin()'><b>C73_Verifybannerasateacherlogin</b><br>Test class: icivics_testcases.I52_PH_MainsGamePage_Test</td>
<td></td>
<td>32</td>
<td>icivics_testcases.I52_PH_MainsGamePage_Test@15a34df2</td></tr>
<tr>
<td title='icivics_testcases.I50_PH_ArgumentsWar_Test.C93_Verifyextensionpack()'><b>C93_Verifyextensionpack</b><br>Test class: icivics_testcases.I50_PH_ArgumentsWar_Test</td>
<td></td>
<td>39</td>
<td>icivics_testcases.I50_PH_ArgumentsWar_Test@2a8448fa</td></tr>
<tr>
<td title='icivics_testcases.I50_PH_ArgumentsWar_Test.C86_Verifyteacherresourcespopup()'><b>C86_Verifyteacherresourcespopup</b><br>Test class: icivics_testcases.I50_PH_ArgumentsWar_Test</td>
<td></td>
<td>48</td>
<td>icivics_testcases.I50_PH_ArgumentsWar_Test@2a8448fa</td></tr>
<tr>
<td title='icivics_testcases.I52_PH_MainsGamePage_Test.C73_Verifyrightcarousel()'><b>C73_Verifyrightcarousel</b><br>Test class: icivics_testcases.I52_PH_MainsGamePage_Test</td>
<td></td>
<td>12</td>
<td>icivics_testcases.I52_PH_MainsGamePage_Test@15a34df2</td></tr>
<tr>
<td title='icivics_testcases.I52_PH_MainsGamePage_Test.C73_Verifycarouseldots3rdpage()'><b>C73_Verifycarouseldots3rdpage</b><br>Test class: icivics_testcases.I52_PH_MainsGamePage_Test</td>
<td></td>
<td>8</td>
<td>icivics_testcases.I52_PH_MainsGamePage_Test@15a34df2</td></tr>
</table><p>
<table width='100%' border='1' class='invocation-skipped'>
<tr><td colspan='4' align='center'><b>SKIPPED TESTS</b></td></tr>
<tr><td><b>Test method</b></td>
<td width="30%"><b>Exception</b></td>
<td width="10%"><b>Time (seconds)</b></td>
<td><b>Instance</b></td>
</tr>
<tr>
<td title='icivics_testcases.I52_PH_MainsGamePage_Test.C73_Verifymainsgamepage()'><b>C73_Verifymainsgamepage</b><br>Test class: icivics_testcases.I52_PH_MainsGamePage_Test</td>
<td><div><pre>java.lang.IndexOutOfBoundsException: Index 5 out of bounds for length 5
	at java.base/jdk.internal.util.Preconditions.outOfBounds(Preconditions.java:64)
	at java.base/jdk.internal.util.Preconditions.outOfBoundsCheckIndex(Preconditions.java:70)
	at java.base/jdk.internal.util.Preconditions.checkIndex(Preconditions.java:266)
	at java.base/java.util.Objects.checkIndex(Objects.java:359)
	at java.base/java.util.ArrayList.get(ArrayList.java:427)
	at icivics_pages.PH_MainsGamePage.Verifygamecarousel(PH_MainsGamePage.java:61)
	at icivics_testcases.I52_PH_MainsGamePage_Test.C73_Verifymainsgamepage(I52_PH_MainsGamePage_Test.java:27)
	at java.base/java.util.ArrayList.forEach(ArrayList.java:1511)
... Removed 27 stack frames</pre></div><a href='#' onClick='toggleBox("stack-trace727344543", this, "Click to show all stack frames", "Click to hide stack frames")'>Click to show all stack frames</a>
<div class='stack-trace' id='stack-trace727344543'><pre>java.lang.IndexOutOfBoundsException: Index 5 out of bounds for length 5
	at java.base/jdk.internal.util.Preconditions.outOfBounds(Preconditions.java:64)
	at java.base/jdk.internal.util.Preconditions.outOfBoundsCheckIndex(Preconditions.java:70)
	at java.base/jdk.internal.util.Preconditions.checkIndex(Preconditions.java:266)
	at java.base/java.util.Objects.checkIndex(Objects.java:359)
	at java.base/java.util.ArrayList.get(ArrayList.java:427)
	at icivics_pages.PH_MainsGamePage.Verifygamecarousel(PH_MainsGamePage.java:61)
	at icivics_testcases.I52_PH_MainsGamePage_Test.C73_Verifymainsgamepage(I52_PH_MainsGamePage_Test.java:27)
	at java.base/jdk.internal.reflect.NativeMethodAccessorImpl.invoke0(Native Method)
	at java.base/jdk.internal.reflect.NativeMethodAccessorImpl.invoke(NativeMethodAccessorImpl.java:77)
	at java.base/jdk.internal.reflect.DelegatingMethodAccessorImpl.invoke(DelegatingMethodAccessorImpl.java:43)
	at java.base/java.lang.reflect.Method.invoke(Method.java:568)
	at org.testng.internal.MethodInvocationHelper.invokeMethod(MethodInvocationHelper.java:133)
	at org.testng.internal.TestInvoker.invokeMethod(TestInvoker.java:598)
	at org.testng.internal.TestInvoker.retryFailed(TestInvoker.java:213)
	at org.testng.internal.MethodRunner.runInSequence(MethodRunner.java:58)
	at org.testng.internal.TestInvoker$MethodInvocationAgent.invoke(TestInvoker.java:824)
	at org.testng.internal.TestInvoker.invokeTestMethods(TestInvoker.java:146)
	at org.testng.internal.TestMethodWorker.invokeTestMethods(TestMethodWorker.java:146)
	at org.testng.internal.TestMethodWorker.run(TestMethodWorker.java:128)
	at java.base/java.util.ArrayList.forEach(ArrayList.java:1511)
	at org.testng.TestRunner.privateRun(TestRunner.java:794)
	at org.testng.TestRunner.run(TestRunner.java:596)
	at org.testng.SuiteRunner.runTest(SuiteRunner.java:377)
	at org.testng.SuiteRunner.runSequentially(SuiteRunner.java:371)
	at org.testng.SuiteRunner.privateRun(SuiteRunner.java:332)
	at org.testng.SuiteRunner.run(SuiteRunner.java:276)
	at org.testng.SuiteRunnerWorker.runSuite(SuiteRunnerWorker.java:53)
	at org.testng.SuiteRunnerWorker.run(SuiteRunnerWorker.java:96)
	at org.testng.TestNG.runSuitesSequentially(TestNG.java:1212)
	at org.testng.TestNG.runSuitesLocally(TestNG.java:1134)
	at org.testng.TestNG.runSuites(TestNG.java:1063)
	at org.testng.TestNG.run(TestNG.java:1031)
	at org.testng.remote.AbstractRemoteTestNG.run(AbstractRemoteTestNG.java:115)
	at org.testng.remote.RemoteTestNG.initAndRun(RemoteTestNG.java:251)
	at org.testng.remote.RemoteTestNG.main(RemoteTestNG.java:77)
</pre></div></td>
<td>22</td>
<td>icivics_testcases.I52_PH_MainsGamePage_Test@15a34df2</td></tr>
<tr>
<td title='icivics_testcases.I50_PH_ArgumentsWar_Test.C88_Verifyassignform()'><b>C88_Verifyassignform</b><br>Test class: icivics_testcases.I50_PH_ArgumentsWar_Test</td>
<td><div><pre>org.openqa.selenium.StaleElementReferenceException: stale element reference: element is not attached to the page document
  (Session info: chrome=104.0.5112.102)
For documentation on this error, please visit: https://selenium.dev/exceptions/#stale_element_reference
Build info: version: &apos;4.3.0&apos;, revision: &apos;a4995e2c09*&apos;
System info: host: &apos;AMX-AL-20-017-W&apos;, ip: &apos;10.10.7.4&apos;, os.name: &apos;Windows 11&apos;, os.arch: &apos;amd64&apos;, os.version: &apos;10.0&apos;, java.version: &apos;17.0.3&apos;
Driver info: org.openqa.selenium.chrome.ChromeDriver
Command: [0da367be1031668975fa5b6fae81cb6a, sendKeysToElement {id=260c884c-a22e-4b37-8c4a-3607e3a75ea6, value=[Ljava.lang.CharSequence;@49038f97}]
Capabilities {acceptInsecureCerts: false, browserName: chrome, browserVersion: 104.0.5112.102, chrome: {chromedriverVersion: 104.0.5112.79 (3cf3e8c8a07d..., userDataDir: C:\Users\TRIPTI~1.GUP\AppDa...}, goog:chromeOptions: {debuggerAddress: localhost:64925}, networkConnectionEnabled: false, pageLoadStrategy: normal, platformName: WINDOWS, proxy: Proxy(), se:cdp: ws://localhost:64925/devtoo..., se:cdpVersion: 104.0.5112.102, setWindowRect: true, strictFileInteractability: false, timeouts: {implicit: 0, pageLoad: 300000, script: 30000}, unhandledPromptBehavior: dismiss and notify, webauthn:extension:credBlob: true, webauthn:extension:largeBlob: true, webauthn:virtualAuthenticators: true}
Element: [[ChromeDriver: chrome on WINDOWS (0da367be1031668975fa5b6fae81cb6a)] -&gt; xpath: //input[@type=&apos;password&apos;]]
Session ID: 0da367be1031668975fa5b6fae81cb6a
	at org.openqa.selenium.remote.codec.w3c.W3CHttpResponseCodec.createException(W3CHttpResponseCodec.java:200)
	at org.openqa.selenium.remote.codec.w3c.W3CHttpResponseCodec.decode(W3CHttpResponseCodec.java:133)
	at org.openqa.selenium.remote.codec.w3c.W3CHttpResponseCodec.decode(W3CHttpResponseCodec.java:53)
	at org.openqa.selenium.remote.HttpCommandExecutor.execute(HttpCommandExecutor.java:184)
	at org.openqa.selenium.remote.service.DriverCommandExecutor.invokeExecute(DriverCommandExecutor.java:167)
	at org.openqa.selenium.remote.service.DriverCommandExecutor.execute(DriverCommandExecutor.java:142)
	at org.openqa.selenium.remote.RemoteWebDriver.execute(RemoteWebDriver.java:569)
	at org.openqa.selenium.remote.RemoteWebElement.execute(RemoteWebElement.java:257)
	at org.openqa.selenium.remote.RemoteWebElement.sendKeys(RemoteWebElement.java:113)
	at icivics_pages.PH_AgrumentsWar.verifyassignform(PH_AgrumentsWar.java:248)
	at icivics_testcases.I50_PH_ArgumentsWar_Test.C88_Verifyassignform(I50_PH_ArgumentsWar_Test.java:89)
	at java.base/java.util.ArrayList.forEach(ArrayList.java:1511)
... Removed 32 stack frames</pre></div><a href='#' onClick='toggleBox("stack-trace2129927330", this, "Click to show all stack frames", "Click to hide stack frames")'>Click to show all stack frames</a>
<div class='stack-trace' id='stack-trace2129927330'><pre>org.openqa.selenium.StaleElementReferenceException: stale element reference: element is not attached to the page document
  (Session info: chrome=104.0.5112.102)
For documentation on this error, please visit: https://selenium.dev/exceptions/#stale_element_reference
Build info: version: &apos;4.3.0&apos;, revision: &apos;a4995e2c09*&apos;
System info: host: &apos;AMX-AL-20-017-W&apos;, ip: &apos;10.10.7.4&apos;, os.name: &apos;Windows 11&apos;, os.arch: &apos;amd64&apos;, os.version: &apos;10.0&apos;, java.version: &apos;17.0.3&apos;
Driver info: org.openqa.selenium.chrome.ChromeDriver
Command: [0da367be1031668975fa5b6fae81cb6a, sendKeysToElement {id=260c884c-a22e-4b37-8c4a-3607e3a75ea6, value=[Ljava.lang.CharSequence;@49038f97}]
Capabilities {acceptInsecureCerts: false, browserName: chrome, browserVersion: 104.0.5112.102, chrome: {chromedriverVersion: 104.0.5112.79 (3cf3e8c8a07d..., userDataDir: C:\Users\TRIPTI~1.GUP\AppDa...}, goog:chromeOptions: {debuggerAddress: localhost:64925}, networkConnectionEnabled: false, pageLoadStrategy: normal, platformName: WINDOWS, proxy: Proxy(), se:cdp: ws://localhost:64925/devtoo..., se:cdpVersion: 104.0.5112.102, setWindowRect: true, strictFileInteractability: false, timeouts: {implicit: 0, pageLoad: 300000, script: 30000}, unhandledPromptBehavior: dismiss and notify, webauthn:extension:credBlob: true, webauthn:extension:largeBlob: true, webauthn:virtualAuthenticators: true}
Element: [[ChromeDriver: chrome on WINDOWS (0da367be1031668975fa5b6fae81cb6a)] -&gt; xpath: //input[@type=&apos;password&apos;]]
Session ID: 0da367be1031668975fa5b6fae81cb6a
	at java.base/jdk.internal.reflect.NativeConstructorAccessorImpl.newInstance0(Native Method)
	at java.base/jdk.internal.reflect.NativeConstructorAccessorImpl.newInstance(NativeConstructorAccessorImpl.java:77)
	at java.base/jdk.internal.reflect.DelegatingConstructorAccessorImpl.newInstance(DelegatingConstructorAccessorImpl.java:45)
	at java.base/java.lang.reflect.Constructor.newInstanceWithCaller(Constructor.java:499)
	at java.base/java.lang.reflect.Constructor.newInstance(Constructor.java:480)
	at org.openqa.selenium.remote.codec.w3c.W3CHttpResponseCodec.createException(W3CHttpResponseCodec.java:200)
	at org.openqa.selenium.remote.codec.w3c.W3CHttpResponseCodec.decode(W3CHttpResponseCodec.java:133)
	at org.openqa.selenium.remote.codec.w3c.W3CHttpResponseCodec.decode(W3CHttpResponseCodec.java:53)
	at org.openqa.selenium.remote.HttpCommandExecutor.execute(HttpCommandExecutor.java:184)
	at org.openqa.selenium.remote.service.DriverCommandExecutor.invokeExecute(DriverCommandExecutor.java:167)
	at org.openqa.selenium.remote.service.DriverCommandExecutor.execute(DriverCommandExecutor.java:142)
	at org.openqa.selenium.remote.RemoteWebDriver.execute(RemoteWebDriver.java:569)
	at org.openqa.selenium.remote.RemoteWebElement.execute(RemoteWebElement.java:257)
	at org.openqa.selenium.remote.RemoteWebElement.sendKeys(RemoteWebElement.java:113)
	at icivics_pages.PH_AgrumentsWar.verifyassignform(PH_AgrumentsWar.java:248)
	at icivics_testcases.I50_PH_ArgumentsWar_Test.C88_Verifyassignform(I50_PH_ArgumentsWar_Test.java:89)
	at java.base/jdk.internal.reflect.NativeMethodAccessorImpl.invoke0(Native Method)
	at java.base/jdk.internal.reflect.NativeMethodAccessorImpl.invoke(NativeMethodAccessorImpl.java:77)
	at java.base/jdk.internal.reflect.DelegatingMethodAccessorImpl.invoke(DelegatingMethodAccessorImpl.java:43)
	at java.base/java.lang.reflect.Method.invoke(Method.java:568)
	at org.testng.internal.MethodInvocationHelper.invokeMethod(MethodInvocationHelper.java:133)
	at org.testng.internal.TestInvoker.invokeMethod(TestInvoker.java:598)
	at org.testng.internal.TestInvoker.retryFailed(TestInvoker.java:213)
	at org.testng.internal.MethodRunner.runInSequence(MethodRunner.java:58)
	at org.testng.internal.TestInvoker$MethodInvocationAgent.invoke(TestInvoker.java:824)
	at org.testng.internal.TestInvoker.invokeTestMethods(TestInvoker.java:146)
	at org.testng.internal.TestMethodWorker.invokeTestMethods(TestMethodWorker.java:146)
	at org.testng.internal.TestMethodWorker.run(TestMethodWorker.java:128)
	at java.base/java.util.ArrayList.forEach(ArrayList.java:1511)
	at org.testng.TestRunner.privateRun(TestRunner.java:794)
	at org.testng.TestRunner.run(TestRunner.java:596)
	at org.testng.SuiteRunner.runTest(SuiteRunner.java:377)
	at org.testng.SuiteRunner.runSequentially(SuiteRunner.java:371)
	at org.testng.SuiteRunner.privateRun(SuiteRunner.java:332)
	at org.testng.SuiteRunner.run(SuiteRunner.java:276)
	at org.testng.SuiteRunnerWorker.runSuite(SuiteRunnerWorker.java:53)
	at org.testng.SuiteRunnerWorker.run(SuiteRunnerWorker.java:96)
	at org.testng.TestNG.runSuitesSequentially(TestNG.java:1212)
	at org.testng.TestNG.runSuitesLocally(TestNG.java:1134)
	at org.testng.TestNG.runSuites(TestNG.java:1063)
	at org.testng.TestNG.run(TestNG.java:1031)
	at org.testng.remote.AbstractRemoteTestNG.run(AbstractRemoteTestNG.java:115)
	at org.testng.remote.RemoteTestNG.initAndRun(RemoteTestNG.java:251)
	at org.testng.remote.RemoteTestNG.main(RemoteTestNG.java:77)
</pre></div></td>
<td>36</td>
<td>icivics_testcases.I50_PH_ArgumentsWar_Test@2a8448fa</td></tr>
<tr>
<td title='icivics_testcases.I52_PH_MainsGamePage_Test.C73_Verifymainsgamepage()'><b>C73_Verifymainsgamepage</b><br>Test class: icivics_testcases.I52_PH_MainsGamePage_Test</td>
<td><div><pre>java.lang.IndexOutOfBoundsException: Index 5 out of bounds for length 5
	at java.base/jdk.internal.util.Preconditions.outOfBounds(Preconditions.java:64)
	at java.base/jdk.internal.util.Preconditions.outOfBoundsCheckIndex(Preconditions.java:70)
	at java.base/jdk.internal.util.Preconditions.checkIndex(Preconditions.java:266)
	at java.base/java.util.Objects.checkIndex(Objects.java:359)
	at java.base/java.util.ArrayList.get(ArrayList.java:427)
	at icivics_pages.PH_MainsGamePage.Verifygamecarousel(PH_MainsGamePage.java:61)
	at icivics_testcases.I52_PH_MainsGamePage_Test.C73_Verifymainsgamepage(I52_PH_MainsGamePage_Test.java:27)
	at java.base/java.util.ArrayList.forEach(ArrayList.java:1511)
... Removed 27 stack frames</pre></div><a href='#' onClick='toggleBox("stack-trace1854907975", this, "Click to show all stack frames", "Click to hide stack frames")'>Click to show all stack frames</a>
<div class='stack-trace' id='stack-trace1854907975'><pre>java.lang.IndexOutOfBoundsException: Index 5 out of bounds for length 5
	at java.base/jdk.internal.util.Preconditions.outOfBounds(Preconditions.java:64)
	at java.base/jdk.internal.util.Preconditions.outOfBoundsCheckIndex(Preconditions.java:70)
	at java.base/jdk.internal.util.Preconditions.checkIndex(Preconditions.java:266)
	at java.base/java.util.Objects.checkIndex(Objects.java:359)
	at java.base/java.util.ArrayList.get(ArrayList.java:427)
	at icivics_pages.PH_MainsGamePage.Verifygamecarousel(PH_MainsGamePage.java:61)
	at icivics_testcases.I52_PH_MainsGamePage_Test.C73_Verifymainsgamepage(I52_PH_MainsGamePage_Test.java:27)
	at java.base/jdk.internal.reflect.NativeMethodAccessorImpl.invoke0(Native Method)
	at java.base/jdk.internal.reflect.NativeMethodAccessorImpl.invoke(NativeMethodAccessorImpl.java:77)
	at java.base/jdk.internal.reflect.DelegatingMethodAccessorImpl.invoke(DelegatingMethodAccessorImpl.java:43)
	at java.base/java.lang.reflect.Method.invoke(Method.java:568)
	at org.testng.internal.MethodInvocationHelper.invokeMethod(MethodInvocationHelper.java:133)
	at org.testng.internal.TestInvoker.invokeMethod(TestInvoker.java:598)
	at org.testng.internal.TestInvoker.retryFailed(TestInvoker.java:213)
	at org.testng.internal.MethodRunner.runInSequence(MethodRunner.java:58)
	at org.testng.internal.TestInvoker$MethodInvocationAgent.invoke(TestInvoker.java:824)
	at org.testng.internal.TestInvoker.invokeTestMethods(TestInvoker.java:146)
	at org.testng.internal.TestMethodWorker.invokeTestMethods(TestMethodWorker.java:146)
	at org.testng.internal.TestMethodWorker.run(TestMethodWorker.java:128)
	at java.base/java.util.ArrayList.forEach(ArrayList.java:1511)
	at org.testng.TestRunner.privateRun(TestRunner.java:794)
	at org.testng.TestRunner.run(TestRunner.java:596)
	at org.testng.SuiteRunner.runTest(SuiteRunner.java:377)
	at org.testng.SuiteRunner.runSequentially(SuiteRunner.java:371)
	at org.testng.SuiteRunner.privateRun(SuiteRunner.java:332)
	at org.testng.SuiteRunner.run(SuiteRunner.java:276)
	at org.testng.SuiteRunnerWorker.runSuite(SuiteRunnerWorker.java:53)
	at org.testng.SuiteRunnerWorker.run(SuiteRunnerWorker.java:96)
	at org.testng.TestNG.runSuitesSequentially(TestNG.java:1212)
	at org.testng.TestNG.runSuitesLocally(TestNG.java:1134)
	at org.testng.TestNG.runSuites(TestNG.java:1063)
	at org.testng.TestNG.run(TestNG.java:1031)
	at org.testng.remote.AbstractRemoteTestNG.run(AbstractRemoteTestNG.java:115)
	at org.testng.remote.RemoteTestNG.initAndRun(RemoteTestNG.java:251)
	at org.testng.remote.RemoteTestNG.main(RemoteTestNG.java:77)
</pre></div></td>
<td>22</td>
<td>icivics_testcases.I52_PH_MainsGamePage_Test@15a34df2</td></tr>
<tr>
<td title='icivics_testcases.I52_PH_MainsGamePage_Test.C73_Verifymainsgamepage()'><b>C73_Verifymainsgamepage</b><br>Test class: icivics_testcases.I52_PH_MainsGamePage_Test</td>
<td><div><pre>java.lang.IndexOutOfBoundsException: Index 5 out of bounds for length 5
	at java.base/jdk.internal.util.Preconditions.outOfBounds(Preconditions.java:64)
	at java.base/jdk.internal.util.Preconditions.outOfBoundsCheckIndex(Preconditions.java:70)
	at java.base/jdk.internal.util.Preconditions.checkIndex(Preconditions.java:266)
	at java.base/java.util.Objects.checkIndex(Objects.java:359)
	at java.base/java.util.ArrayList.get(ArrayList.java:427)
	at icivics_pages.PH_MainsGamePage.Verifygamecarousel(PH_MainsGamePage.java:61)
	at icivics_testcases.I52_PH_MainsGamePage_Test.C73_Verifymainsgamepage(I52_PH_MainsGamePage_Test.java:27)
	at java.base/java.util.ArrayList.forEach(ArrayList.java:1511)
... Removed 27 stack frames</pre></div><a href='#' onClick='toggleBox("stack-trace626542001", this, "Click to show all stack frames", "Click to hide stack frames")'>Click to show all stack frames</a>
<div class='stack-trace' id='stack-trace626542001'><pre>java.lang.IndexOutOfBoundsException: Index 5 out of bounds for length 5
	at java.base/jdk.internal.util.Preconditions.outOfBounds(Preconditions.java:64)
	at java.base/jdk.internal.util.Preconditions.outOfBoundsCheckIndex(Preconditions.java:70)
	at java.base/jdk.internal.util.Preconditions.checkIndex(Preconditions.java:266)
	at java.base/java.util.Objects.checkIndex(Objects.java:359)
	at java.base/java.util.ArrayList.get(ArrayList.java:427)
	at icivics_pages.PH_MainsGamePage.Verifygamecarousel(PH_MainsGamePage.java:61)
	at icivics_testcases.I52_PH_MainsGamePage_Test.C73_Verifymainsgamepage(I52_PH_MainsGamePage_Test.java:27)
	at java.base/jdk.internal.reflect.NativeMethodAccessorImpl.invoke0(Native Method)
	at java.base/jdk.internal.reflect.NativeMethodAccessorImpl.invoke(NativeMethodAccessorImpl.java:77)
	at java.base/jdk.internal.reflect.DelegatingMethodAccessorImpl.invoke(DelegatingMethodAccessorImpl.java:43)
	at java.base/java.lang.reflect.Method.invoke(Method.java:568)
	at org.testng.internal.MethodInvocationHelper.invokeMethod(MethodInvocationHelper.java:133)
	at org.testng.internal.TestInvoker.invokeMethod(TestInvoker.java:598)
	at org.testng.internal.TestInvoker.invokeTestMethod(TestInvoker.java:173)
	at org.testng.internal.MethodRunner.runInSequence(MethodRunner.java:46)
	at org.testng.internal.TestInvoker$MethodInvocationAgent.invoke(TestInvoker.java:824)
	at org.testng.internal.TestInvoker.invokeTestMethods(TestInvoker.java:146)
	at org.testng.internal.TestMethodWorker.invokeTestMethods(TestMethodWorker.java:146)
	at org.testng.internal.TestMethodWorker.run(TestMethodWorker.java:128)
	at java.base/java.util.ArrayList.forEach(ArrayList.java:1511)
	at org.testng.TestRunner.privateRun(TestRunner.java:794)
	at org.testng.TestRunner.run(TestRunner.java:596)
	at org.testng.SuiteRunner.runTest(SuiteRunner.java:377)
	at org.testng.SuiteRunner.runSequentially(SuiteRunner.java:371)
	at org.testng.SuiteRunner.privateRun(SuiteRunner.java:332)
	at org.testng.SuiteRunner.run(SuiteRunner.java:276)
	at org.testng.SuiteRunnerWorker.runSuite(SuiteRunnerWorker.java:53)
	at org.testng.SuiteRunnerWorker.run(SuiteRunnerWorker.java:96)
	at org.testng.TestNG.runSuitesSequentially(TestNG.java:1212)
	at org.testng.TestNG.runSuitesLocally(TestNG.java:1134)
	at org.testng.TestNG.runSuites(TestNG.java:1063)
	at org.testng.TestNG.run(TestNG.java:1031)
	at org.testng.remote.AbstractRemoteTestNG.run(AbstractRemoteTestNG.java:115)
	at org.testng.remote.RemoteTestNG.initAndRun(RemoteTestNG.java:251)
	at org.testng.remote.RemoteTestNG.main(RemoteTestNG.java:77)
</pre></div></td>
<td>22</td>
<td>icivics_testcases.I52_PH_MainsGamePage_Test@15a34df2</td></tr>
<tr>
<td title='icivics_testcases.I50_PH_ArgumentsWar_Test.C88_Verifyassignform()'><b>C88_Verifyassignform</b><br>Test class: icivics_testcases.I50_PH_ArgumentsWar_Test</td>
<td><div><pre>org.openqa.selenium.StaleElementReferenceException: stale element reference: element is not attached to the page document
  (Session info: chrome=104.0.5112.102)
For documentation on this error, please visit: https://selenium.dev/exceptions/#stale_element_reference
Build info: version: &apos;4.3.0&apos;, revision: &apos;a4995e2c09*&apos;
System info: host: &apos;AMX-AL-20-017-W&apos;, ip: &apos;10.10.7.4&apos;, os.name: &apos;Windows 11&apos;, os.arch: &apos;amd64&apos;, os.version: &apos;10.0&apos;, java.version: &apos;17.0.3&apos;
Driver info: org.openqa.selenium.chrome.ChromeDriver
Command: [2432cd1bbd3ee46aee9feec37b5e1885, sendKeysToElement {id=b457694d-2a7a-49cc-8f75-020912d2fb3a, value=[Ljava.lang.CharSequence;@34d9df9f}]
Capabilities {acceptInsecureCerts: false, browserName: chrome, browserVersion: 104.0.5112.102, chrome: {chromedriverVersion: 104.0.5112.79 (3cf3e8c8a07d..., userDataDir: C:\Users\TRIPTI~1.GUP\AppDa...}, goog:chromeOptions: {debuggerAddress: localhost:64838}, networkConnectionEnabled: false, pageLoadStrategy: normal, platformName: WINDOWS, proxy: Proxy(), se:cdp: ws://localhost:64838/devtoo..., se:cdpVersion: 104.0.5112.102, setWindowRect: true, strictFileInteractability: false, timeouts: {implicit: 0, pageLoad: 300000, script: 30000}, unhandledPromptBehavior: dismiss and notify, webauthn:extension:credBlob: true, webauthn:extension:largeBlob: true, webauthn:virtualAuthenticators: true}
Element: [[ChromeDriver: chrome on WINDOWS (2432cd1bbd3ee46aee9feec37b5e1885)] -&gt; xpath: //input[@type=&apos;password&apos;]]
Session ID: 2432cd1bbd3ee46aee9feec37b5e1885
	at org.openqa.selenium.remote.codec.w3c.W3CHttpResponseCodec.createException(W3CHttpResponseCodec.java:200)
	at org.openqa.selenium.remote.codec.w3c.W3CHttpResponseCodec.decode(W3CHttpResponseCodec.java:133)
	at org.openqa.selenium.remote.codec.w3c.W3CHttpResponseCodec.decode(W3CHttpResponseCodec.java:53)
	at org.openqa.selenium.remote.HttpCommandExecutor.execute(HttpCommandExecutor.java:184)
	at org.openqa.selenium.remote.service.DriverCommandExecutor.invokeExecute(DriverCommandExecutor.java:167)
	at org.openqa.selenium.remote.service.DriverCommandExecutor.execute(DriverCommandExecutor.java:142)
	at org.openqa.selenium.remote.RemoteWebDriver.execute(RemoteWebDriver.java:569)
	at org.openqa.selenium.remote.RemoteWebElement.execute(RemoteWebElement.java:257)
	at org.openqa.selenium.remote.RemoteWebElement.sendKeys(RemoteWebElement.java:113)
	at icivics_pages.PH_AgrumentsWar.verifyassignform(PH_AgrumentsWar.java:248)
	at icivics_testcases.I50_PH_ArgumentsWar_Test.C88_Verifyassignform(I50_PH_ArgumentsWar_Test.java:89)
	at java.base/java.util.ArrayList.forEach(ArrayList.java:1511)
... Removed 32 stack frames</pre></div><a href='#' onClick='toggleBox("stack-trace1807010830", this, "Click to show all stack frames", "Click to hide stack frames")'>Click to show all stack frames</a>
<div class='stack-trace' id='stack-trace1807010830'><pre>org.openqa.selenium.StaleElementReferenceException: stale element reference: element is not attached to the page document
  (Session info: chrome=104.0.5112.102)
For documentation on this error, please visit: https://selenium.dev/exceptions/#stale_element_reference
Build info: version: &apos;4.3.0&apos;, revision: &apos;a4995e2c09*&apos;
System info: host: &apos;AMX-AL-20-017-W&apos;, ip: &apos;10.10.7.4&apos;, os.name: &apos;Windows 11&apos;, os.arch: &apos;amd64&apos;, os.version: &apos;10.0&apos;, java.version: &apos;17.0.3&apos;
Driver info: org.openqa.selenium.chrome.ChromeDriver
Command: [2432cd1bbd3ee46aee9feec37b5e1885, sendKeysToElement {id=b457694d-2a7a-49cc-8f75-020912d2fb3a, value=[Ljava.lang.CharSequence;@34d9df9f}]
Capabilities {acceptInsecureCerts: false, browserName: chrome, browserVersion: 104.0.5112.102, chrome: {chromedriverVersion: 104.0.5112.79 (3cf3e8c8a07d..., userDataDir: C:\Users\TRIPTI~1.GUP\AppDa...}, goog:chromeOptions: {debuggerAddress: localhost:64838}, networkConnectionEnabled: false, pageLoadStrategy: normal, platformName: WINDOWS, proxy: Proxy(), se:cdp: ws://localhost:64838/devtoo..., se:cdpVersion: 104.0.5112.102, setWindowRect: true, strictFileInteractability: false, timeouts: {implicit: 0, pageLoad: 300000, script: 30000}, unhandledPromptBehavior: dismiss and notify, webauthn:extension:credBlob: true, webauthn:extension:largeBlob: true, webauthn:virtualAuthenticators: true}
Element: [[ChromeDriver: chrome on WINDOWS (2432cd1bbd3ee46aee9feec37b5e1885)] -&gt; xpath: //input[@type=&apos;password&apos;]]
Session ID: 2432cd1bbd3ee46aee9feec37b5e1885
	at java.base/jdk.internal.reflect.NativeConstructorAccessorImpl.newInstance0(Native Method)
	at java.base/jdk.internal.reflect.NativeConstructorAccessorImpl.newInstance(NativeConstructorAccessorImpl.java:77)
	at java.base/jdk.internal.reflect.DelegatingConstructorAccessorImpl.newInstance(DelegatingConstructorAccessorImpl.java:45)
	at java.base/java.lang.reflect.Constructor.newInstanceWithCaller(Constructor.java:499)
	at java.base/java.lang.reflect.Constructor.newInstance(Constructor.java:480)
	at org.openqa.selenium.remote.codec.w3c.W3CHttpResponseCodec.createException(W3CHttpResponseCodec.java:200)
	at org.openqa.selenium.remote.codec.w3c.W3CHttpResponseCodec.decode(W3CHttpResponseCodec.java:133)
	at org.openqa.selenium.remote.codec.w3c.W3CHttpResponseCodec.decode(W3CHttpResponseCodec.java:53)
	at org.openqa.selenium.remote.HttpCommandExecutor.execute(HttpCommandExecutor.java:184)
	at org.openqa.selenium.remote.service.DriverCommandExecutor.invokeExecute(DriverCommandExecutor.java:167)
	at org.openqa.selenium.remote.service.DriverCommandExecutor.execute(DriverCommandExecutor.java:142)
	at org.openqa.selenium.remote.RemoteWebDriver.execute(RemoteWebDriver.java:569)
	at org.openqa.selenium.remote.RemoteWebElement.execute(RemoteWebElement.java:257)
	at org.openqa.selenium.remote.RemoteWebElement.sendKeys(RemoteWebElement.java:113)
	at icivics_pages.PH_AgrumentsWar.verifyassignform(PH_AgrumentsWar.java:248)
	at icivics_testcases.I50_PH_ArgumentsWar_Test.C88_Verifyassignform(I50_PH_ArgumentsWar_Test.java:89)
	at java.base/jdk.internal.reflect.NativeMethodAccessorImpl.invoke0(Native Method)
	at java.base/jdk.internal.reflect.NativeMethodAccessorImpl.invoke(NativeMethodAccessorImpl.java:77)
	at java.base/jdk.internal.reflect.DelegatingMethodAccessorImpl.invoke(DelegatingMethodAccessorImpl.java:43)
	at java.base/java.lang.reflect.Method.invoke(Method.java:568)
	at org.testng.internal.MethodInvocationHelper.invokeMethod(MethodInvocationHelper.java:133)
	at org.testng.internal.TestInvoker.invokeMethod(TestInvoker.java:598)
	at org.testng.internal.TestInvoker.invokeTestMethod(TestInvoker.java:173)
	at org.testng.internal.MethodRunner.runInSequence(MethodRunner.java:46)
	at org.testng.internal.TestInvoker$MethodInvocationAgent.invoke(TestInvoker.java:824)
	at org.testng.internal.TestInvoker.invokeTestMethods(TestInvoker.java:146)
	at org.testng.internal.TestMethodWorker.invokeTestMethods(TestMethodWorker.java:146)
	at org.testng.internal.TestMethodWorker.run(TestMethodWorker.java:128)
	at java.base/java.util.ArrayList.forEach(ArrayList.java:1511)
	at org.testng.TestRunner.privateRun(TestRunner.java:794)
	at org.testng.TestRunner.run(TestRunner.java:596)
	at org.testng.SuiteRunner.runTest(SuiteRunner.java:377)
	at org.testng.SuiteRunner.runSequentially(SuiteRunner.java:371)
	at org.testng.SuiteRunner.privateRun(SuiteRunner.java:332)
	at org.testng.SuiteRunner.run(SuiteRunner.java:276)
	at org.testng.SuiteRunnerWorker.runSuite(SuiteRunnerWorker.java:53)
	at org.testng.SuiteRunnerWorker.run(SuiteRunnerWorker.java:96)
	at org.testng.TestNG.runSuitesSequentially(TestNG.java:1212)
	at org.testng.TestNG.runSuitesLocally(TestNG.java:1134)
	at org.testng.TestNG.runSuites(TestNG.java:1063)
	at org.testng.TestNG.run(TestNG.java:1031)
	at org.testng.remote.AbstractRemoteTestNG.run(AbstractRemoteTestNG.java:115)
	at org.testng.remote.RemoteTestNG.initAndRun(RemoteTestNG.java:251)
	at org.testng.remote.RemoteTestNG.main(RemoteTestNG.java:77)
</pre></div></td>
<td>37</td>
<td>icivics_testcases.I50_PH_ArgumentsWar_Test@2a8448fa</td></tr>
</table><p>
</body>
</html>