<?xml version="1.0" encoding="UTF-8"?>
<!-- Generated by org.testng.reporters.JUnitReportReporter -->
<testsuite hostname="AMX-AL-20-017-W" failures="0" tests="17" name="icivics_testcases.I52_PH_MainsGamePage_Test" time="555.510" errors="1" timestamp="2022-08-30T23:27:36 IST" skipped="3">
  <testcase classname="icivics_testcases.I52_PH_MainsGamePage_Test" name="C73_Verifymainsgamepage" time="24.009">
    <skipped/>
  </testcase> <!-- C73_Verifymainsgamepage -->
  <system-out/>
  <testcase classname="icivics_testcases.I52_PH_MainsGamePage_Test" name="C73_Verifymainsgamepage" time="23.830">
    <skipped/>
  </testcase> <!-- C73_Verifymainsgamepage -->
  <system-out/>
  <testcase classname="icivics_testcases.I52_PH_MainsGamePage_Test" name="C73_Verifymainsgamepage" time="24.058">
    <skipped/>
  </testcase> <!-- C73_Verifymainsgamepage -->
  <system-out/>
  <testcase classname="icivics_testcases.I52_PH_MainsGamePage_Test" name="C73_Verifymainsgamepage" time="27.897">
    <error message="Index 5 out of bounds for length 5" type="java.lang.IndexOutOfBoundsException">
      <![CDATA[java.lang.IndexOutOfBoundsException: Index 5 out of bounds for length 5
at java.base/jdk.internal.util.Preconditions.outOfBounds(Preconditions.java:64)
at java.base/jdk.internal.util.Preconditions.outOfBoundsCheckIndex(Preconditions.java:70)
at java.base/jdk.internal.util.Preconditions.checkIndex(Preconditions.java:266)
at java.base/java.util.Objects.checkIndex(Objects.java:359)
at java.base/java.util.ArrayList.get(ArrayList.java:427)
at icivics_pages.PH_MainsGamePage.Verifygamecarousel(PH_MainsGamePage.java:61)
at icivics_testcases.I52_PH_MainsGamePage_Test.C73_Verifymainsgamepage(I52_PH_MainsGamePage_Test.java:27)
at java.base/jdk.internal.reflect.NativeMethodAccessorImpl.invoke0(Native Method)
at java.base/jdk.internal.reflect.NativeMethodAccessorImpl.invoke(NativeMethodAccessorImpl.java:77)
at java.base/jdk.internal.reflect.DelegatingMethodAccessorImpl.invoke(DelegatingMethodAccessorImpl.java:43)
at java.base/java.lang.reflect.Method.invoke(Method.java:568)
at org.testng.internal.MethodInvocationHelper.invokeMethod(MethodInvocationHelper.java:133)
at org.testng.internal.TestInvoker.invokeMethod(TestInvoker.java:598)
at org.testng.internal.TestInvoker.retryFailed(TestInvoker.java:213)
at org.testng.internal.MethodRunner.runInSequence(MethodRunner.java:58)
at org.testng.internal.TestInvoker$MethodInvocationAgent.invoke(TestInvoker.java:824)
at org.testng.internal.TestInvoker.invokeTestMethods(TestInvoker.java:146)
at org.testng.internal.TestMethodWorker.invokeTestMethods(TestMethodWorker.java:146)
at org.testng.internal.TestMethodWorker.run(TestMethodWorker.java:128)
at java.base/java.util.ArrayList.forEach(ArrayList.java:1511)
at org.testng.TestRunner.privateRun(TestRunner.java:794)
at org.testng.TestRunner.run(TestRunner.java:596)
at org.testng.SuiteRunner.runTest(SuiteRunner.java:377)
at org.testng.SuiteRunner.runSequentially(SuiteRunner.java:371)
at org.testng.SuiteRunner.privateRun(SuiteRunner.java:332)
at org.testng.SuiteRunner.run(SuiteRunner.java:276)
at org.testng.SuiteRunnerWorker.runSuite(SuiteRunnerWorker.java:53)
at org.testng.SuiteRunnerWorker.run(SuiteRunnerWorker.java:96)
at org.testng.TestNG.runSuitesSequentially(TestNG.java:1212)
at org.testng.TestNG.runSuitesLocally(TestNG.java:1134)
at org.testng.TestNG.runSuites(TestNG.java:1063)
at org.testng.TestNG.run(TestNG.java:1031)
at org.testng.remote.AbstractRemoteTestNG.run(AbstractRemoteTestNG.java:115)
at org.testng.remote.RemoteTestNG.initAndRun(RemoteTestNG.java:251)
at org.testng.remote.RemoteTestNG.main(RemoteTestNG.java:77)
]]>
    </error>
  </testcase> <!-- C73_Verifymainsgamepage -->
  <system-out/>
  <testcase classname="icivics_testcases.I52_PH_MainsGamePage_Test" name="C73_Verifyleftcarousel" time="10.713"/>
  <system-out/>
  <testcase classname="icivics_testcases.I52_PH_MainsGamePage_Test" name="C73_Verifyrightcarousel" time="13.311"/>
  <system-out/>
  <testcase classname="icivics_testcases.I52_PH_MainsGamePage_Test" name="C73_Verifycarouseldots" time="54.436"/>
  <system-out/>
  <testcase classname="icivics_testcases.I52_PH_MainsGamePage_Test" name="C73_Verifycarouseldots3rdpage" time="10.257"/>
  <system-out/>
  <testcase classname="icivics_testcases.I52_PH_MainsGamePage_Test" name="C73_Verifybannerasananonymoususer" time="10.340"/>
  <system-out/>
  <testcase classname="icivics_testcases.I52_PH_MainsGamePage_Test" name="C73_Verifybannerasastudentlogin" time="37.239"/>
  <system-out/>
  <testcase classname="icivics_testcases.I52_PH_MainsGamePage_Test" name="C73_Verifybannerasateacherlogin" time="34.142"/>
  <system-out/>
  <testcase classname="icivics_testcases.I52_PH_MainsGamePage_Test" name="C73_Verifyregisterbuttonclick" time="17.288"/>
  <system-out/>
  <testcase classname="icivics_testcases.I52_PH_MainsGamePage_Test" name="C73_VerifygamesTiles" time="60.322"/>
  <system-out/>
  <testcase classname="icivics_testcases.I52_PH_MainsGamePage_Test" name="C73_VerifygamesTilesclick" time="169.449"/>
  <system-out/>
  <testcase classname="icivics_testcases.I52_PH_MainsGamePage_Test" name="C73_Verifygreenteachertile" time="13.911"/>
  <system-out/>
  <testcase classname="icivics_testcases.I52_PH_MainsGamePage_Test" name="C73_Verifyteachbutton" time="10.561"/>
  <system-out/>
  <testcase classname="icivics_testcases.I52_PH_MainsGamePage_Test" name="C73_Verifygetstartedbutton" time="13.747"/>
  <system-out/>
</testsuite> <!-- icivics_testcases.I52_PH_MainsGamePage_Test -->
