<?xml version="1.0" encoding="UTF-8"?>
<!-- Generated by org.testng.reporters.JUnitXMLReporter -->
<testsuite ignored="4" hostname="AMX-RL-20-348-W" failures="4" tests="47" name="PlayHub_Testscripts" time="6312.994" errors="0" timestamp="2022-09-01T20:39:28 IST">
  <testcase classname="icivics_testcases.I50_PlayHub_Individual_Game_ArgumentsWar_Test" name="C81_Verifylink" time="24.363"/>
  <testcase classname="icivics_testcases.I50_PlayHub_Individual_Game_ArgumentsWar_Test" name="C82_Verifypopup" time="38.649"/>
  <testcase classname="icivics_testcases.I50_PlayHub_Individual_Game_ArgumentsWar_Test" name="C84_Verifyeducatorbutton" time="100.078"/>
  <testcase classname="icivics_testcases.I50_PlayHub_Individual_Game_ArgumentsWar_Test" name="C85_Verifyeducatorbuttonforstudent" time="110.101"/>
  <testcase classname="icivics_testcases.I50_PlayHub_Individual_Game_ArgumentsWar_Test" name="C85_Verifyeducatorbuttonforanonymoususer" time="23.792"/>
  <testcase classname="icivics_testcases.I50_PlayHub_Individual_Game_ArgumentsWar_Test" name="C86_Verifyteacherresourcespopup" time="102.996"/>
  <testcase classname="icivics_testcases.I50_PlayHub_Individual_Game_ArgumentsWar_Test" name="C87_Verifyassignpopup" time="116.247"/>
  <testcase classname="icivics_testcases.I50_PlayHub_Individual_Game_ArgumentsWar_Test" name="C88_Verifyassignform" time="122.613"/>
  <testcase classname="icivics_testcases.I50_PlayHub_Individual_Game_ArgumentsWar_Test" name="C89_Verifyappleapp" time="845.387"/>
  <testcase classname="icivics_testcases.I50_PlayHub_Individual_Game_ArgumentsWar_Test" name="C90_Verifyappleapppage" time="352.943">
    <skipped/>
  </testcase> <!-- C90_Verifyappleapppage -->
  <testcase classname="icivics_testcases.I50_PlayHub_Individual_Game_ArgumentsWar_Test" name="C90_Verifyappleapppage" time="99.121">
    <skipped/>
  </testcase> <!-- C90_Verifyappleapppage -->
  <testcase classname="icivics_testcases.I50_PlayHub_Individual_Game_ArgumentsWar_Test" name="C90_Verifyappleapppage" time="98.713">
    <skipped/>
  </testcase> <!-- C90_Verifyappleapppage -->
  <testcase classname="icivics_testcases.I50_PlayHub_Individual_Game_ArgumentsWar_Test" name="C90_Verifyappleapppage" time="97.874">
    <failure type="java.lang.NullPointerException" message="Cannot invoke &amp;quot;org.openqa.selenium.JavascriptExecutor.executeScript(String, Object[])&amp;quot; because &amp;quot;this.js&amp;quot; is null">
      <![CDATA[java.lang.NullPointerException: Cannot invoke "org.openqa.selenium.JavascriptExecutor.executeScript(String, Object[])" because "this.js" is null
at icivics_pages.PlayHub_Individual_Game_AgrumentsWar.verifyappleapppage(PlayHub_Individual_Game_AgrumentsWar.java:492)
at icivics_testcases.I50_PlayHub_Individual_Game_ArgumentsWar_Test.C90_Verifyappleapppage(I50_PlayHub_Individual_Game_ArgumentsWar_Test.java:105)
at java.base/java.util.ArrayList.forEach(ArrayList.java:1511)
... Removed 27 stack frames]]>
    </failure>
  </testcase> <!-- C90_Verifyappleapppage -->
  <testcase classname="icivics_testcases.I50_PlayHub_Individual_Game_ArgumentsWar_Test" name="C91_Verifygoogleplaybutton" time="101.096">
    <skipped/>
  </testcase> <!-- C91_Verifygoogleplaybutton -->
  <testcase classname="icivics_testcases.I50_PlayHub_Individual_Game_ArgumentsWar_Test" name="C91_Verifygoogleplaybutton" time="98.397">
    <skipped/>
  </testcase> <!-- C91_Verifygoogleplaybutton -->
  <testcase classname="icivics_testcases.I50_PlayHub_Individual_Game_ArgumentsWar_Test" name="C91_Verifygoogleplaybutton" time="97.887">
    <skipped/>
  </testcase> <!-- C91_Verifygoogleplaybutton -->
  <testcase classname="icivics_testcases.I50_PlayHub_Individual_Game_ArgumentsWar_Test" name="C91_Verifygoogleplaybutton" time="99.075">
    <failure type="java.lang.NullPointerException" message="Cannot invoke &amp;quot;org.openqa.selenium.JavascriptExecutor.executeScript(String, Object[])&amp;quot; because &amp;quot;this.js&amp;quot; is null">
      <![CDATA[java.lang.NullPointerException: Cannot invoke "org.openqa.selenium.JavascriptExecutor.executeScript(String, Object[])" because "this.js" is null
at icivics_pages.PlayHub_Individual_Game_AgrumentsWar.verifygoogleplaybutton(PlayHub_Individual_Game_AgrumentsWar.java:784)
at icivics_testcases.I50_PlayHub_Individual_Game_ArgumentsWar_Test.C91_Verifygoogleplaybutton(I50_PlayHub_Individual_Game_ArgumentsWar_Test.java:113)
at java.base/java.util.ArrayList.forEach(ArrayList.java:1511)
... Removed 27 stack frames]]>
    </failure>
  </testcase> <!-- C91_Verifygoogleplaybutton -->
  <testcase classname="icivics_testcases.I50_PlayHub_Individual_Game_ArgumentsWar_Test" name="C92_Verifygoogleplaypage" time="99.439">
    <skipped/>
  </testcase> <!-- C92_Verifygoogleplaypage -->
  <testcase classname="icivics_testcases.I50_PlayHub_Individual_Game_ArgumentsWar_Test" name="C92_Verifygoogleplaypage" time="99.238">
    <skipped/>
  </testcase> <!-- C92_Verifygoogleplaypage -->
  <testcase classname="icivics_testcases.I50_PlayHub_Individual_Game_ArgumentsWar_Test" name="C92_Verifygoogleplaypage" time="100.291">
    <skipped/>
  </testcase> <!-- C92_Verifygoogleplaypage -->
  <testcase classname="icivics_testcases.I50_PlayHub_Individual_Game_ArgumentsWar_Test" name="C92_Verifygoogleplaypage" time="99.32">
    <failure type="java.lang.NullPointerException" message="Cannot invoke &amp;quot;org.openqa.selenium.JavascriptExecutor.executeScript(String, Object[])&amp;quot; because &amp;quot;this.js&amp;quot; is null">
      <![CDATA[java.lang.NullPointerException: Cannot invoke "org.openqa.selenium.JavascriptExecutor.executeScript(String, Object[])" because "this.js" is null
at icivics_pages.PlayHub_Individual_Game_AgrumentsWar.verifygoogleplaypage(PlayHub_Individual_Game_AgrumentsWar.java:1023)
at icivics_testcases.I50_PlayHub_Individual_Game_ArgumentsWar_Test.C92_Verifygoogleplaypage(I50_PlayHub_Individual_Game_ArgumentsWar_Test.java:121)
at java.base/java.util.ArrayList.forEach(ArrayList.java:1511)
... Removed 27 stack frames]]>
    </failure>
  </testcase> <!-- C92_Verifygoogleplaypage -->
  <testcase classname="icivics_testcases.I50_PlayHub_Individual_Game_ArgumentsWar_Test" name="C93_Verifyextensionpack" time="100.054"/>
  <testcase classname="icivics_testcases.I50_PlayHub_Individual_Game_ArgumentsWar_Test" name="C93_Verifyextensionpackforsortifygame" time="100.868"/>
  <testcase classname="icivics_testcases.I50_PlayHub_Individual_Game_ArgumentsWar_Test" name="C94_Verifyextensionpackforanonymoususere" time="27.743"/>
  <testcase classname="icivics_testcases.I50_PlayHub_Individual_Game_ArgumentsWar_Test" name="C94_Verifyextensionpackforstudent" time="102.459"/>
  <testcase classname="icivics_testcases.I50_PlayHub_Individual_Game_ArgumentsWar_Test" name="C95_Verifyextensionpackclick" time="126.617"/>
  <testcase classname="icivics_testcases.I50_PlayHub_Individual_Game_ArgumentsWar_Test" name="C96_Verifylearningobjectives" time="107.688"/>
  <testcase classname="icivics_testcases.I50_PlayHub_Individual_Game_ArgumentsWar_Test" name="C97_Verifylearningobjectivesforanonymoususer" time="24.096"/>
  <testcase classname="icivics_testcases.I50_PlayHub_Individual_Game_ArgumentsWar_Test" name="C97_Verifylearningobjectivesforstudent" time="101.785"/>
  <testcase classname="icivics_testcases.I51_PlayHub_MainsGamePage_Test" name="C73_Verifymainsgamepage" time="41.389"/>
  <testcase classname="icivics_testcases.I51_PlayHub_MainsGamePage_Test" name="C73_Verifyleftcarousel" time="27.439"/>
  <testcase classname="icivics_testcases.I51_PlayHub_MainsGamePage_Test" name="C73_Verifyrightcarousel" time="28.11"/>
  <testcase classname="icivics_testcases.I51_PlayHub_MainsGamePage_Test" name="C73_Verifycarouseldots" time="55.452"/>
  <testcase classname="icivics_testcases.I51_PlayHub_MainsGamePage_Test" name="C73_Verifycarouseldots3rdpage" time="27.345"/>
  <testcase classname="icivics_testcases.I51_PlayHub_MainsGamePage_Test" name="C73_Verifybannerasananonymoususer" time="28.664"/>
  <testcase classname="icivics_testcases.I51_PlayHub_MainsGamePage_Test" name="C73_Verifybannerasastudentlogin" time="27.792">
    <skipped/>
  </testcase> <!-- C73_Verifybannerasastudentlogin -->
  <testcase classname="icivics_testcases.I51_PlayHub_MainsGamePage_Test" name="C73_Verifybannerasastudentlogin" time="27.118">
    <skipped/>
  </testcase> <!-- C73_Verifybannerasastudentlogin -->
  <testcase classname="icivics_testcases.I51_PlayHub_MainsGamePage_Test" name="C73_Verifybannerasastudentlogin" time="27.151">
    <skipped/>
  </testcase> <!-- C73_Verifybannerasastudentlogin -->
  <testcase classname="icivics_testcases.I51_PlayHub_MainsGamePage_Test" name="C73_Verifybannerasastudentlogin" time="26.879">
    <failure type="org.openqa.selenium.ElementNotInteractableException" message="element not interactable
  (Session info: chrome=105.0.5195.52)
Build info: version: &amp;apos;4.3.0&amp;apos;, revision: &amp;apos;a4995e2c09*&amp;apos;
System info: host: &amp;apos;AMX-RL-20-348-W&amp;apos;, ip: &amp;apos;10.10.7.31&amp;apos;, os.name: &amp;apos;Windows 10&amp;apos;, os.arch: &amp;apos;amd64&amp;apos;, os.version: &amp;apos;10.0&amp;apos;, java.version: &amp;apos;17.0.1&amp;apos;
Driver info: org.openqa.selenium.chrome.ChromeDriver
Command: [174b75ffba4a741672cd40446a3d4247, sendKeysToElement {id=1e9de081-e500-4586-a515-4053e367851e, value=[Ljava.lang.CharSequence;@7731504}]
Capabilities {acceptInsecureCerts: false, browserName: chrome, browserVersion: 105.0.5195.52, chrome: {chromedriverVersion: 105.0.5195.52 (412c95e51883..., userDataDir: C:\Users\VENKAT~1.T\AppData...}, goog:chromeOptions: {debuggerAddress: localhost:64536}, networkConnectionEnabled: false, pageLoadStrategy: normal, platformName: WINDOWS, proxy: Proxy(), se:cdp: ws://localhost:64536/devtoo..., se:cdpVersion: 105.0.5195.52, setWindowRect: true, strictFileInteractability: false, timeouts: {implicit: 0, pageLoad: 300000, script: 30000}, unhandledPromptBehavior: dismiss and notify, webauthn:extension:credBlob: true, webauthn:extension:largeBlob: true, webauthn:virtualAuthenticators: true}
Element: [[ChromeDriver: chrome on WINDOWS (174b75ffba4a741672cd40446a3d4247)] -&amp;gt; xpath: //input[@type=&amp;apos;password&amp;apos;]]
Session ID: 174b75ffba4a741672cd40446a3d4247">
      <![CDATA[org.openqa.selenium.ElementNotInteractableException: element not interactable
  (Session info: chrome=105.0.5195.52)
Build info: version: '4.3.0', revision: 'a4995e2c09*'
System info: host: 'AMX-RL-20-348-W', ip: '10.10.7.31', os.name: 'Windows 10', os.arch: 'amd64', os.version: '10.0', java.version: '17.0.1'
Driver info: org.openqa.selenium.chrome.ChromeDriver
Command: [174b75ffba4a741672cd40446a3d4247, sendKeysToElement {id=1e9de081-e500-4586-a515-4053e367851e, value=[Ljava.lang.CharSequence;@7731504}]
Capabilities {acceptInsecureCerts: false, browserName: chrome, browserVersion: 105.0.5195.52, chrome: {chromedriverVersion: 105.0.5195.52 (412c95e51883..., userDataDir: C:\Users\VENKAT~1.T\AppData...}, goog:chromeOptions: {debuggerAddress: localhost:64536}, networkConnectionEnabled: false, pageLoadStrategy: normal, platformName: WINDOWS, proxy: Proxy(), se:cdp: ws://localhost:64536/devtoo..., se:cdpVersion: 105.0.5195.52, setWindowRect: true, strictFileInteractability: false, timeouts: {implicit: 0, pageLoad: 300000, script: 30000}, unhandledPromptBehavior: dismiss and notify, webauthn:extension:credBlob: true, webauthn:extension:largeBlob: true, webauthn:virtualAuthenticators: true}
Element: [[ChromeDriver: chrome on WINDOWS (174b75ffba4a741672cd40446a3d4247)] -> xpath: //input[@type='password']]
Session ID: 174b75ffba4a741672cd40446a3d4247
at org.openqa.selenium.remote.codec.w3c.W3CHttpResponseCodec.createException(W3CHttpResponseCodec.java:200)
at org.openqa.selenium.remote.codec.w3c.W3CHttpResponseCodec.decode(W3CHttpResponseCodec.java:133)
at org.openqa.selenium.remote.codec.w3c.W3CHttpResponseCodec.decode(W3CHttpResponseCodec.java:53)
at org.openqa.selenium.remote.HttpCommandExecutor.execute(HttpCommandExecutor.java:184)
at org.openqa.selenium.remote.service.DriverCommandExecutor.invokeExecute(DriverCommandExecutor.java:167)
at org.openqa.selenium.remote.service.DriverCommandExecutor.execute(DriverCommandExecutor.java:142)
at org.openqa.selenium.remote.RemoteWebDriver.execute(RemoteWebDriver.java:569)
at org.openqa.selenium.remote.RemoteWebElement.execute(RemoteWebElement.java:257)
at org.openqa.selenium.remote.RemoteWebElement.sendKeys(RemoteWebElement.java:113)
at icivics_pages.PlayHub_MainsGamePage.Verifyloginasastudentregisterasastudentbanner(PlayHub_MainsGamePage.java:186)
at icivics_testcases.I51_PlayHub_MainsGamePage_Test.C73_Verifybannerasastudentlogin(I51_PlayHub_MainsGamePage_Test.java:76)
at java.base/java.util.ArrayList.forEach(ArrayList.java:1511)
... Removed 32 stack frames]]>
    </failure>
  </testcase> <!-- C73_Verifybannerasastudentlogin -->
  <testcase classname="icivics_testcases.I51_PlayHub_MainsGamePage_Test" name="C73_Verifybannerasateacherlogin" time="75.663"/>
  <testcase classname="icivics_testcases.I51_PlayHub_MainsGamePage_Test" name="C73_Verifyregisterbuttonclick" time="56.373"/>
  <testcase classname="icivics_testcases.I51_PlayHub_MainsGamePage_Test" name="C73_VerifygamesTiles" time="32.032"/>
  <testcase classname="icivics_testcases.I51_PlayHub_MainsGamePage_Test" name="C73_VerifygamesTilesclick" time="771.886"/>
  <testcase classname="icivics_testcases.I51_PlayHub_MainsGamePage_Test" name="C73_Verifygreenteachertile" time="30.075"/>
  <testcase classname="icivics_testcases.I51_PlayHub_MainsGamePage_Test" name="C73_Verifyteachbutton" time="47.329"/>
  <testcase classname="icivics_testcases.I51_PlayHub_MainsGamePage_Test" name="C73_Verifygetstartedbutton" time="47.322"/>
  <testcase classname="icivics_testcases.I52_PlayHub_Gameload_Test" name="C83_Verifymainsgamepage" time="1225.742"/>
  <testcase classname="utilities.Reporter" name="@AfterSuite stopReport" time="0.0">
    <ignored/>
  </testcase> <!-- @AfterSuite stopReport -->
  <testcase classname="utilities.Reporter" name="@AfterSuite stopReport" time="0.0">
    <ignored/>
  </testcase> <!-- @AfterSuite stopReport -->
  <testcase classname="utilities.Reporter" name="@BeforeSuite startReport" time="0.0">
    <ignored/>
  </testcase> <!-- @BeforeSuite startReport -->
  <testcase classname="utilities.Reporter" name="@BeforeSuite startReport" time="0.0">
    <ignored/>
  </testcase> <!-- @BeforeSuite startReport -->
</testsuite> <!-- PlayHub_Testscripts -->
